24.08.19 19:27:17 DEBUG [lasticsearch.client.RestClient] 92    - <request [GET http://localhost:9200/wiki/_doc/1] failed>
java.util.concurrent.ExecutionException: java.net.ConnectException: Timeout connecting to [localhost/127.0.0.1:9200]
	at org.apache.http.concurrent.BasicFuture.getResult(BasicFuture.java:71) ~[httpcore-4.4.11.jar:4.4.11]
	at org.apache.http.concurrent.BasicFuture.get(BasicFuture.java:84) ~[httpcore-4.4.11.jar:4.4.11]
	at org.apache.http.impl.nio.client.FutureWrapper.get(FutureWrapper.java:70) ~[httpasyncclient-4.1.4.jar:4.1.4]
	at org.elasticsearch.client.RestClient.performRequest(RestClient.java:214) ~[elasticsearch-rest-client-7.3.0.jar:7.3.0]
	at org.elasticsearch.client.RestClient.performRequest(RestClient.java:205) ~[elasticsearch-rest-client-7.3.0.jar:7.3.0]
	at org.elasticsearch.client.RestHighLevelClient.internalPerformRequest(RestHighLevelClient.java:1454) ~[elasticsearch-rest-high-level-client-7.3.0.jar:7.3.0]
	at org.elasticsearch.client.RestHighLevelClient.performRequest(RestHighLevelClient.java:1424) ~[elasticsearch-rest-high-level-client-7.3.0.jar:7.3.0]
	at org.elasticsearch.client.RestHighLevelClient.performRequestAndParseEntity(RestHighLevelClient.java:1394) ~[elasticsearch-rest-high-level-client-7.3.0.jar:7.3.0]
	at org.elasticsearch.client.RestHighLevelClient.get(RestHighLevelClient.java:714) ~[elasticsearch-rest-high-level-client-7.3.0.jar:7.3.0]
	at search.index(search.java:97) ~[classes/:na]
	at search.main(search.java:142) ~[classes/:na]
	at java.base/jdk.internal.reflect.NativeMethodAccessorImpl.invoke0(Native Method) ~[na:na]
	at java.base/jdk.internal.reflect.NativeMethodAccessorImpl.invoke(NativeMethodAccessorImpl.java:62) ~[na:na]
	at java.base/jdk.internal.reflect.DelegatingMethodAccessorImpl.invoke(DelegatingMethodAccessorImpl.java:43) ~[na:na]
	at java.base/java.lang.reflect.Method.invoke(Method.java:566) ~[na:na]
	at com.intellij.uiDesigner.snapShooter.SnapShooter.main(SnapShooter.java:59) ~[uiDesigner.jar:na]
Caused by: java.net.ConnectException: Timeout connecting to [localhost/127.0.0.1:9200]
	at org.apache.http.nio.pool.RouteSpecificPool.timeout(RouteSpecificPool.java:169) ~[httpcore-nio-4.4.11.jar:4.4.11]
	at org.apache.http.nio.pool.AbstractNIOConnPool.requestTimeout(AbstractNIOConnPool.java:628) ~[httpcore-nio-4.4.11.jar:4.4.11]
	at org.apache.http.nio.pool.AbstractNIOConnPool$InternalSessionRequestCallback.timeout(AbstractNIOConnPool.java:894) ~[httpcore-nio-4.4.11.jar:4.4.11]
	at org.apache.http.impl.nio.reactor.SessionRequestImpl.timeout(SessionRequestImpl.java:183) ~[httpcore-nio-4.4.11.jar:4.4.11]
	at org.apache.http.impl.nio.reactor.DefaultConnectingIOReactor.processTimeouts(DefaultConnectingIOReactor.java:210) ~[httpcore-nio-4.4.11.jar:4.4.11]
	at org.apache.http.impl.nio.reactor.DefaultConnectingIOReactor.processEvents(DefaultConnectingIOReactor.java:155) ~[httpcore-nio-4.4.11.jar:4.4.11]
	at org.apache.http.impl.nio.reactor.AbstractMultiworkerIOReactor.execute(AbstractMultiworkerIOReactor.java:351) ~[httpcore-nio-4.4.11.jar:4.4.11]
	at org.apache.http.impl.nio.conn.PoolingNHttpClientConnectionManager.execute(PoolingNHttpClientConnectionManager.java:221) ~[httpasyncclient-4.1.4.jar:4.1.4]
	at org.apache.http.impl.nio.client.CloseableHttpAsyncClientBase$1.run(CloseableHttpAsyncClientBase.java:64) ~[httpasyncclient-4.1.4.jar:4.1.4]
	at java.base/java.lang.Thread.run(Thread.java:834) ~[na:na]
24.08.19 19:27:17 DEBUG [lasticsearch.client.RestClient] 437   - <added [[host=http://localhost:9200]] to blacklist>
